<?xml version="1.0" encoding="UTF-8"?>
<!-- Generated by org.testng.reporters.JUnitReportReporter -->
<testsuite hostname="DESKTOP-4S95062" failures="0" tests="5" name="com.RestAssured_Project_TestCases.TC_003_POST_DDT" time="2.675" errors="0" timestamp="2021-10-22T15:23:36 IST" skipped="0">
  <testcase classname="com.RestAssured_Project_TestCases.TC_003_POST_DDT" name="test_POST_DDT" time="0.503"/>
  <system-out/>
  <testcase classname="com.RestAssured_Project_TestCases.TC_003_POST_DDT" name="test_POST_DDT" time="0.538"/>
  <system-out/>
  <testcase classname="com.RestAssured_Project_TestCases.TC_003_POST_DDT" name="test_POST_DDT" time="0.447"/>
  <system-out/>
  <testcase classname="com.RestAssured_Project_TestCases.TC_003_POST_DDT" name="test_POST_DDT" time="0.723"/>
  <system-out/>
  <testcase classname="com.RestAssured_Project_TestCases.TC_003_POST_DDT" name="test_POST_DDT" time="0.464"/>
  <system-out/>
</testsuite> <!-- com.RestAssured_Project_TestCases.TC_003_POST_DDT -->
