<?xml version="1.0" encoding="UTF-8"?>
<!-- Generated by org.testng.reporters.JUnitReportReporter -->
<testsuite hostname="DESKTOP-4S95062" failures="0" tests="7" name="com.RestAssured_Project_TestCases.TC_001_GET" time="0.054" errors="0" timestamp="2021-10-22T15:23:36 IST" skipped="0">
  <testcase classname="com.RestAssured_Project_TestCases.TC_001_GET" name="check_responsetime" time="0.003"/>
  <system-out/>
  <testcase classname="com.RestAssured_Project_TestCases.TC_001_GET" name="check_statusLINE" time="0.002"/>
  <system-out/>
  <testcase classname="com.RestAssured_Project_TestCases.TC_001_GET" name="check_statuscode" time="0.002"/>
  <system-out/>
  <testcase classname="com.RestAssured_Project_TestCases.TC_001_GET" name="check_responseBody" time="0.033"/>
  <system-out/>
  <testcase classname="com.RestAssured_Project_TestCases.TC_001_GET" name="check_server" time="0.002"/>
  <system-out/>
  <testcase classname="com.RestAssured_Project_TestCases.TC_001_GET" name="check_contentEncoding" time="0.002"/>
  <system-out/>
  <testcase classname="com.RestAssured_Project_TestCases.TC_001_GET" name="check_Contenttype" time="0.010"/>
  <system-out/>
</testsuite> <!-- com.RestAssured_Project_TestCases.TC_001_GET -->
