<?xml version="1.0" encoding="UTF-8"?>
<!-- Generated by org.testng.reporters.JUnitReportReporter -->
<testsuite hostname="DESKTOP-4S95062" failures="0" tests="4" name="com.RestAssured_Project_TestCases.TC_005_DELETE" time="0.007" errors="0" timestamp="2021-10-22T16:21:26 IST" skipped="0">
  <testcase classname="com.RestAssured_Project_TestCases.TC_005_DELETE" name="check_statusLINE" time="0.001"/>
  <system-out/>
  <testcase classname="com.RestAssured_Project_TestCases.TC_005_DELETE" name="check_statuscode" time="0.001"/>
  <system-out/>
  <testcase classname="com.RestAssured_Project_TestCases.TC_005_DELETE" name="check_responsetime" time="0.002"/>
  <system-out/>
  <testcase classname="com.RestAssured_Project_TestCases.TC_005_DELETE" name="check_responseBody" time="0.003"/>
  <system-out/>
</testsuite> <!-- com.RestAssured_Project_TestCases.TC_005_DELETE -->
