<?xml version="1.0" encoding="UTF-8"?>
<!-- Generated by org.testng.reporters.JUnitReportReporter -->
<testsuite hostname="DESKTOP-4S95062" failures="0" tests="6" name="com.RestAssured_Project_TestCases.TC_004_PUT" time="0.142" errors="0" timestamp="2021-10-22T16:21:26 IST" skipped="0">
  <testcase classname="com.RestAssured_Project_TestCases.TC_004_PUT" name="check_POSTDetails" time="0.137"/>
  <system-out/>
  <testcase classname="com.RestAssured_Project_TestCases.TC_004_PUT" name="check_responsetime" time="0.001"/>
  <system-out/>
  <testcase classname="com.RestAssured_Project_TestCases.TC_004_PUT" name="check_statusLINE" time="0.000"/>
  <system-out/>
  <testcase classname="com.RestAssured_Project_TestCases.TC_004_PUT" name="check_Contenttype" time="0.002"/>
  <system-out/>
  <testcase classname="com.RestAssured_Project_TestCases.TC_004_PUT" name="check_responseBody" time="0.001"/>
  <system-out/>
  <testcase classname="com.RestAssured_Project_TestCases.TC_004_PUT" name="check_statuscode" time="0.001"/>
  <system-out/>
</testsuite> <!-- com.RestAssured_Project_TestCases.TC_004_PUT -->
